<?xml version="1.0" encoding="utf-8"?><testsuites name="pytest tests"><testsuite name="pytest" errors="0" failures="0" skipped="0" tests="16" time="9.615" timestamp="2026-05-20T23:55:30.489667+00:00" hostname="agent-env-b998b548-a037-4418-8276-b5a6be134833"><testcase classname="backend.tests.test_yabbai_v5.TestYabbaiV5Root" name="test_root_returns_v5" time="0.217" /><testcase classname="backend.tests.test_yabbai_v5.TestYabbaiTreasury" name="test_treasury_returns_wallets_and_tokens" time="0.154" /><testcase classname="backend.tests.test_yabbai_v5.TestYabbaiPumpScanner" name="test_pump_scanner_returns_5_tokens_with_scores" time="0.124" /><testcase classname="backend.tests.test_yabbai_v5.TestYabbaiMissions" name="test_create_mission_with_apy_formula" time="0.112" /><testcase classname="backend.tests.test_yabbai_v5.TestYabbaiMissions" name="test_list_missions" time="0.116" /><testcase classname="backend.tests.test_yabbai_v5.TestYabbaiMissions" name="test_tick_mission_increments_yield" time="1.233" /><testcase classname="backend.tests.test_yabbai_v5.TestYabbaiMissions" name="test_get_single_mission" time="0.126" /><testcase classname="backend.tests.test_yabbai_v5.TestYabbaiAgent" name="test_agent_chat_returns_response" time="6.281" /><testcase classname="backend.tests.test_yabbai_v5.TestYabbaiAgent" name="test_agent_history_returns_messages" time="0.169" /><testcase classname="backend.tests.test_yabbai_v5.TestYabbaiEarlyAccess" name="test_early_access_saves_email" time="0.136" /><testcase classname="backend.tests.test_yabbai_v5.TestYabbaiYieldSummary" name="test_yield_summary_returns_totals" time="0.130" /><testcase classname="backend.tests.test_yabbai_v5.TestYabbaiUserBalance" name="test_get_balance_for_new_wallet" time="0.137" /><testcase classname="backend.tests.test_yabbai_v5.TestYabbaiUserBalance" name="test_deposit_minimum_validation" time="0.104" /><testcase classname="backend.tests.test_yabbai_v5.TestYabbaiUserBalance" name="test_deposit_success" time="0.122" /><testcase classname="backend.tests.test_yabbai_v5.TestHealthAndDashboard" name="test_health_endpoint" time="0.121" /><testcase classname="backend.tests.test_yabbai_v5.TestHealthAndDashboard" name="test_dashboard_includes_yabbai_data" time="0.135" /></testsuite></testsuites>