<?xml version="1.0" encoding="utf-8"?><testsuites name="pytest tests"><testsuite name="pytest" errors="0" failures="0" skipped="0" tests="23" time="33.396" timestamp="2026-04-18T06:34:51.318722+00:00" hostname="agent-env-b998b548-a037-4418-8276-b5a6be134833"><testcase classname="backend.tests.test_yabai_api.TestHealthAndRoot" name="test_root_returns_api_info" time="0.126" /><testcase classname="backend.tests.test_yabai_api.TestHealthAndRoot" name="test_health_returns_healthy" time="0.104" /><testcase classname="backend.tests.test_yabai_api.TestDashboard" name="test_dashboard_returns_all_data" time="0.129" /><testcase classname="backend.tests.test_yabai_api.TestTreasury" name="test_treasury_status" time="0.123" /><testcase classname="backend.tests.test_yabai_api.TestTreasury" name="test_treasury_distribute_now" time="0.099" /><testcase classname="backend.tests.test_yabai_api.TestTreasury" name="test_treasury_reset_circuit_breaker" time="0.106" /><testcase classname="backend.tests.test_yabai_api.TestTreasury" name="test_treasury_history" time="0.093" /><testcase classname="backend.tests.test_yabai_api.TestWatchdog" name="test_watchdog_status" time="0.136" /><testcase classname="backend.tests.test_yabai_api.TestWatchdog" name="test_watchdog_trigger_check" time="0.105" /><testcase classname="backend.tests.test_yabai_api.TestSwarm" name="test_swarm_status_returns_3_agents" time="0.099" /><testcase classname="backend.tests.test_yabai_api.TestSwarm" name="test_swarm_run_once" time="0.103" /><testcase classname="backend.tests.test_yabai_api.TestGoldFindings" name="test_list_gold_findings" time="16.667" /><testcase classname="backend.tests.test_yabai_api.TestGoldFindings" name="test_update_finding_status_to_executed" time="14.042" /><testcase classname="backend.tests.test_yabai_api.TestVault" name="test_vault_summary" time="0.104" /><testcase classname="backend.tests.test_yabai_api.TestLeads" name="test_create_lead" time="0.101" /><testcase classname="backend.tests.test_yabai_api.TestLeads" name="test_list_leads" time="0.106" /><testcase classname="backend.tests.test_yabai_api.TestLeads" name="test_update_lead" time="0.204" /><testcase classname="backend.tests.test_yabai_api.TestLeads" name="test_delete_lead" time="0.316" /><testcase classname="backend.tests.test_yabai_api.TestSignals" name="test_list_signals" time="0.122" /><testcase classname="backend.tests.test_yabai_api.TestSignals" name="test_create_signal" time="0.109" /><testcase classname="backend.tests.test_yabai_api.TestTimelines" name="test_list_timelines" time="0.126" /><testcase classname="backend.tests.test_yabai_api.TestDigitalAssets" name="test_list_digital_assets" time="0.101" /><testcase classname="backend.tests.test_yabai_api.TestDigitalAssets" name="test_create_digital_asset" time="0.097" /></testsuite></testsuites>